<?xml version="1.0" encoding="utf-8"?>
<coverage line-rate="0.7054" branch-rate="0.593" version="1.9" timestamp="1768927663" lines-covered="1808" lines-valid="2563" branches-covered="803" branches-valid="1354">
  <sources>
    <source>S:\Repos\zoh\c#\src\Zoh.Runtime\</source>
  </sources>
  <packages>
    <package name="Zoh.Runtime" line-rate="0.7054" branch-rate="0.593" complexity="1573">
      <classes>
        <class name="Zoh.Runtime.Verbs.VerbRegistry" filename="Verbs\VerbRegistry.cs" line-rate="0.9459000000000001" branch-rate="0.5" complexity="7">
          <methods>
            <method name="Register" signature="(Zoh.Runtime.Verbs.IVerbDriver)" line-rate="1" branch-rate="1" complexity="1">
              <lines>
                <line number="12" hits="28" branch="False" />
                <line number="13" hits="28" branch="False" />
                <line number="14" hits="28" branch="False" />
              </lines>
            </method>
            <method name="Register" signature="(System.String,Zoh.Runtime.Verbs.IVerbDriver)" line-rate="1" branch-rate="1" complexity="1">
              <lines>
                <line number="17" hits="12" branch="False" />
                <line number="18" hits="12" branch="False" />
                <line number="19" hits="12" branch="False" />
              </lines>
            </method>
            <method name="GetDriver" signature="(System.String,System.String)" line-rate="0.8" branch-rate="0.5" complexity="2">
              <lines>
                <line number="22" hits="22" branch="False" />
                <line number="23" hits="22" branch="True" condition-coverage="50% (1/2)">
                  <conditions>
                    <condition number="23" type="jump" coverage="50%" />
                  </conditions>
                </line>
                <line number="24" hits="22" branch="False" />
                <line number="25" hits="0" branch="False" />
                <line number="26" hits="22" branch="False" />
              </lines>
            </method>
            <method name="GetAllDrivers" signature="()" line-rate="0" branch-rate="1" complexity="1">
              <lines>
                <line number="28" hits="0" branch="False" />
              </lines>
            </method>
            <method name="RegisterCoreVerbs" signature="()" line-rate="1" branch-rate="1" complexity="1">
              <lines>
                <line number="31" hits="2" branch="False" />
                <line number="36" hits="2" branch="False" />
                <line number="37" hits="2" branch="False" />
                <line number="38" hits="2" branch="False" />
                <line number="39" hits="2" branch="False" />
                <line number="40" hits="2" branch="False" />
                <line number="42" hits="2" branch="False" />
                <line number="43" hits="2" branch="False" />
                <line number="46" hits="2" branch="False" />
                <line number="49" hits="2" branch="False" />
                <line number="50" hits="2" branch="False" />
                <line number="51" hits="2" branch="False" />
                <line number="52" hits="2" branch="False" />
                <line number="53" hits="2" branch="False" />
                <line number="56" hits="2" branch="False" />
                <line number="57" hits="2" branch="False" />
                <line number="58" hits="2" branch="False" />
                <line number="59" hits="2" branch="False" />
                <line number="62" hits="2" branch="False" />
                <line number="63" hits="2" branch="False" />
                <line number="64" hits="2" branch="False" />
                <line number="65" hits="2" branch="False" />
                <line number="68" hits="2" branch="False" />
                <line number="70" hits="2" branch="False" />
              </lines>
            </method>
            <method name=".ctor" signature="()" line-rate="1" branch-rate="1" complexity="1">
              <lines>
                <line number="9" hits="2" branch="False" />
              </lines>
            </method>
          </methods>
          <lines>
            <line number="12" hits="28" branch="False" />
            <line number="13" hits="28" branch="False" />
            <line number="14" hits="28" branch="False" />
            <line number="17" hits="12" branch="False" />
            <line number="18" hits="12" branch="False" />
            <line number="19" hits="12" branch="False" />
            <line number="22" hits="22" branch="False" />
            <line number="23" hits="22" branch="True" condition-coverage="50% (1/2)">
              <conditions>
                <condition number="23" type="jump" coverage="50%" />
              </conditions>
            </line>
            <line number="24" hits="22" branch="False" />
            <line number="25" hits="0" branch="False" />
            <line number="26" hits="22" branch="False" />
            <line number="28" hits="0" branch="False" />
            <line number="31" hits="2" branch="False" />
            <line number="36" hits="2" branch="False" />
            <line number="37" hits="2" branch="False" />
            <line number="38" hits="2" branch="False" />
            <line number="39" hits="2" branch="False" />
            <line number="40" hits="2" branch="False" />
            <line number="42" hits="2" branch="False" />
            <line number="43" hits="2" branch="False" />
            <line number="46" hits="2" branch="False" />
            <line number="49" hits="2" branch="False" />
            <line number="50" hits="2" branch="False" />
            <line number="51" hits="2" branch="False" />
            <line number="52" hits="2" branch="False" />
            <line number="53" hits="2" branch="False" />
            <line number="56" hits="2" branch="False" />
            <line number="57" hits="2" branch="False" />
            <line number="58" hits="2" branch="False" />
            <line number="59" hits="2" branch="False" />
            <line number="62" hits="2" branch="False" />
            <line number="63" hits="2" branch="False" />
            <line number="64" hits="2" branch="False" />
            <line number="65" hits="2" branch="False" />
            <line number="68" hits="2" branch="False" />
            <line number="70" hits="2" branch="False" />
            <line number="9" hits="2" branch="False" />
          </lines>
        </class>
        <class name="Zoh.Runtime.Verbs.VerbResult" filename="Verbs\VerbResult.cs" line-rate="0.5" branch-rate="0.5" complexity="7">
          <methods>
            <method name="get_Value" signature="()" line-rate="1" branch-rate="1" complexity="1">
              <lines>
                <line number="7" hits="47" branch="False" />
              </lines>
            </method>
            <method name="get_IsSuccess" signature="()" line-rate="1" branch-rate="1" complexity="1">
              <lines>
                <line number="9" hits="18" branch="False" />
              </lines>
            </method>
            <method name="Ok" signature="(Zoh.Runtime.Types.ZohValue)" line-rate="1" branch-rate="0.5" complexity="2">
              <lines>
                <line number="12" hits="19" branch="True" condition-coverage="50% (1/2)">
                  <conditions>
                    <condition number="2" type="jump" coverage="50%" />
                  </conditions>
                </line>
              </lines>
            </method>
            <method name="WithDiagnostics" signature="(Zoh.Runtime.Types.ZohValue,System.Collections.Generic.IEnumerable`1&lt;Zoh.Runtime.Diagnostics.Diagnostic&gt;)" line-rate="0" branch-rate="1" complexity="1">
              <lines>
                <line number="15" hits="0" branch="False" />
              </lines>
            </method>
            <method name="Error" signature="(Zoh.Runtime.Types.ZohValue,Zoh.Runtime.Diagnostics.Diagnostic[])" line-rate="0" branch-rate="1" complexity="1">
              <lines>
                <line number="18" hits="0" branch="False" />
              </lines>
            </method>
            <method name="Fatal" signature="(Zoh.Runtime.Diagnostics.Diagnostic)" line-rate="0" branch-rate="1" complexity="1">
              <lines>
                <line number="21" hits="0" branch="False" />
              </lines>
            </method>
          </methods>
          <lines>
            <line number="7" hits="47" branch="False" />
            <line number="9" hits="18" branch="False" />
            <line number="12" hits="19" branch="True" condition-coverage="50% (1/2)">
              <conditions>
                <condition number="2" type="jump" coverage="50%" />
              </conditions>
            </line>
            <line number="15" hits="0" branch="False" />
            <line number="18" hits="0" branch="False" />
            <line number="21" hits="0" branch="False" />
          </lines>
        </class>
        <class name="Zoh.Runtime.Verbs.Core.AnyDriver" filename="Verbs\Core\AnyDriver.cs" line-rate="0.2812" branch-rate="0.1" complexity="22">
          <methods>
            <method name="get_Namespace" signature="()" line-rate="1" branch-rate="1" complexity="1">
              <lines>
                <line number="10" hits="2" branch="False" />
              </lines>
            </method>
            <method name="get_Name" signature="()" line-rate="1" branch-rate="1" complexity="1">
              <lines>
                <line number="11" hits="2" branch="False" />
              </lines>
            </method>
            <method name="Execute" signature="(Zoh.Runtime.Execution.IExecutionContext,Zoh.Runtime.Parsing.Ast.VerbCallAst)" line-rate="0.23329999999999998" branch-rate="0.1" complexity="20">
              <lines>
                <line number="14" hits="2" branch="False" />
                <line number="15" hits="2" branch="False" />
                <line number="16" hits="2" branch="True" condition-coverage="50% (1/2)">
                  <conditions>
                    <condition number="20" type="jump" coverage="50%" />
                  </conditions>
                </line>
                <line number="17" hits="0" branch="False" />
                <line number="18" hits="0" branch="False" />
                <line number="21" hits="2" branch="False" />
                <line number="23" hits="2" branch="True" condition-coverage="50% (1/2)">
                  <conditions>
                    <condition number="86" type="jump" coverage="50%" />
                  </conditions>
                </line>
                <line number="24" hits="0" branch="False" />
                <line number="25" hits="0" branch="False" />
                <line number="27" hits="0" branch="True" condition-coverage="0% (0/2)">
                  <conditions>
                    <condition number="122" type="jump" coverage="0%" />
                  </conditions>
                </line>
                <line number="28" hits="0" branch="False" />
                <line number="29" hits="0" branch="False" />
                <line number="32" hits="0" branch="True" condition-coverage="0% (0/2)">
                  <conditions>
                    <condition number="167" type="jump" coverage="0%" />
                  </conditions>
                </line>
                <line number="33" hits="0" branch="False" />
                <line number="34" hits="0" branch="True" condition-coverage="0% (0/2)">
                  <conditions>
                    <condition number="194" type="jump" coverage="0%" />
                  </conditions>
                </line>
                <line number="35" hits="0" branch="False" />
                <line number="37" hits="0" branch="False" />
                <line number="38" hits="0" branch="True" condition-coverage="0% (0/2)">
                  <conditions>
                    <condition number="231" type="jump" coverage="0%" />
                  </conditions>
                </line>
                <line number="40" hits="0" branch="True" condition-coverage="0% (0/4)">
                  <conditions>
                    <condition number="259" type="jump" coverage="0%" />
                    <condition number="292" type="jump" coverage="0%" />
                  </conditions>
                </line>
                <line number="41" hits="0" branch="False" />
                <line number="43" hits="0" branch="False" />
                <line number="46" hits="0" branch="True" condition-coverage="0% (0/2)">
                  <conditions>
                    <condition number="370" type="jump" coverage="0%" />
                  </conditions>
                </line>
                <line number="47" hits="0" branch="False" />
                <line number="48" hits="0" branch="False" />
                <line number="49" hits="0" branch="True" condition-coverage="0% (0/2)">
                  <conditions>
                    <condition number="410" type="jump" coverage="0%" />
                  </conditions>
                </line>
                <line number="50" hits="0" branch="False" />
                <line number="52" hits="0" branch="False" />
                <line number="58" hits="0" branch="False" />
                <line number="61" hits="2" branch="False" />
                <line number="62" hits="2" branch="False" />
              </lines>
            </method>
          </methods>
          <lines>
            <line number="10" hits="2" branch="False" />
            <line number="11" hits="2" branch="False" />
            <line number="14" hits="2" branch="False" />
            <line number="15" hits="2" branch="False" />
            <line number="16" hits="2" branch="True" condition-coverage="50% (1/2)">
              <conditions>
                <condition number="20" type="jump" coverage="50%" />
              </conditions>
            </line>
            <line number="17" hits="0" branch="False" />
            <line number="18" hits="0" branch="False" />
            <line number="21" hits="2" branch="False" />
            <line number="23" hits="2" branch="True" condition-coverage="50% (1/2)">
              <conditions>
                <condition number="86" type="jump" coverage="50%" />
              </conditions>
            </line>
            <line number="24" hits="0" branch="False" />
            <line number="25" hits="0" branch="False" />
            <line number="27" hits="0" branch="True" condition-coverage="0% (0/2)">
              <conditions>
                <condition number="122" type="jump" coverage="0%" />
              </conditions>
            </line>
            <line number="28" hits="0" branch="False" />
            <line number="29" hits="0" branch="False" />
            <line number="32" hits="0" branch="True" condition-coverage="0% (0/2)">
              <conditions>
                <condition number="167" type="jump" coverage="0%" />
              </conditions>
            </line>
            <line number="33" hits="0" branch="False" />
            <line number="34" hits="0" branch="True" condition-coverage="0% (0/2)">
              <conditions>
                <condition number="194" type="jump" coverage="0%" />
              </conditions>
            </line>
            <line number="35" hits="0" branch="False" />
            <line number="37" hits="0" branch="False" />
            <line number="38" hits="0" branch="True" condition-coverage="0% (0/2)">
              <conditions>
                <condition number="231" type="jump" coverage="0%" />
              </conditions>
            </line>
            <line number="40" hits="0" branch="True" condition-coverage="0% (0/4)">
              <conditions>
                <condition number="259" type="jump" coverage="0%" />
                <condition number="292" type="jump" coverage="0%" />
              </conditions>
            </line>
            <line number="41" hits="0" branch="False" />
            <line number="43" hits="0" branch="False" />
            <line number="46" hits="0" branch="True" condition-coverage="0% (0/2)">
              <conditions>
                <condition number="370" type="jump" coverage="0%" />
              </conditions>
            </line>
            <line number="47" hits="0" branch="False" />
            <line number="48" hits="0" branch="False" />
            <line number="49" hits="0" branch="True" condition-coverage="0% (0/2)">
              <conditions>
                <condition number="410" type="jump" coverage="0%" />
              </conditions>
            </line>
            <line number="50" hits="0" branch="False" />
            <line number="52" hits="0" branch="False" />
            <line number="58" hits="0" branch="False" />
            <line number="61" hits="2" branch="False" />
            <line number="62" hits="2" branch="False" />
          </lines>
        </class>
        <class name="Zoh.Runtime.Verbs.Core.AppendDriver" filename="Verbs\Core\AppendDriver.cs" line-rate="0.5588000000000001" branch-rate="0.25" complexity="14">
          <methods>
            <method name="get_Namespace" signature="()" line-rate="1" branch-rate="1" complexity="1">
              <lines>
                <line number="11" hits="2" branch="False" />
              </lines>
            </method>
            <method name="get_Name" signature="()" line-rate="1" branch-rate="1" complexity="1">
              <lines>
                <line number="12" hits="2" branch="False" />
              </lines>
            </method>
            <method name="Execute" signature="(Zoh.Runtime.Execution.IExecutionContext,Zoh.Runtime.Parsing.Ast.VerbCallAst)" line-rate="0.5312" branch-rate="0.25" complexity="12">
              <lines>
                <line number="15" hits="1" branch="False" />
                <line number="16" hits="1" branch="False" />
                <line number="17" hits="1" branch="True" condition-coverage="50% (1/2)">
                  <conditions>
                    <condition number="22" type="jump" coverage="50%" />
                  </conditions>
                </line>
                <line number="18" hits="0" branch="False" />
                <line number="19" hits="0" branch="False" />
                <line number="38" hits="1" branch="False" />
                <line number="42" hits="1" branch="True" condition-coverage="50% (1/2)">
                  <conditions>
                    <condition number="84" type="jump" coverage="50%" />
                  </conditions>
                </line>
                <line number="43" hits="1" branch="False" />
                <line number="44" hits="1" branch="False" />
                <line number="47" hits="1" branch="False" />
                <line number="49" hits="0" branch="False" />
                <line number="50" hits="0" branch="False" />
                <line number="54" hits="1" branch="False" />
                <line number="55" hits="1" branch="False" />
                <line number="57" hits="1" branch="True" condition-coverage="50% (1/2)">
                  <conditions>
                    <condition number="181" type="jump" coverage="50%" />
                  </conditions>
                </line>
                <line number="58" hits="1" branch="False" />
                <line number="59" hits="1" branch="False" />
                <line number="60" hits="1" branch="False" />
                <line number="61" hits="1" branch="False" />
                <line number="69" hits="1" branch="False" />
                <line number="72" hits="0" branch="True" condition-coverage="0% (0/2)">
                  <conditions>
                    <condition number="281" type="jump" coverage="0%" />
                  </conditions>
                </line>
                <line number="73" hits="0" branch="False" />
                <line number="75" hits="0" branch="True" condition-coverage="0% (0/4)">
                  <conditions>
                    <condition number="298" type="jump" coverage="0%" />
                    <condition number="325" type="jump" coverage="0%" />
                  </conditions>
                </line>
                <line number="76" hits="0" branch="False" />
                <line number="77" hits="0" branch="False" />
                <line number="80" hits="0" branch="False" />
                <line number="81" hits="0" branch="False" />
                <line number="82" hits="0" branch="False" />
                <line number="84" hits="0" branch="False" />
                <line number="85" hits="0" branch="False" />
                <line number="88" hits="0" branch="False" />
                <line number="89" hits="1" branch="False" />
              </lines>
            </method>
          </methods>
          <lines>
            <line number="11" hits="2" branch="False" />
            <line number="12" hits="2" branch="False" />
            <line number="15" hits="1" branch="False" />
            <line number="16" hits="1" branch="False" />
            <line number="17" hits="1" branch="True" condition-coverage="50% (1/2)">
              <conditions>
                <condition number="22" type="jump" coverage="50%" />
              </conditions>
            </line>
            <line number="18" hits="0" branch="False" />
            <line number="19" hits="0" branch="False" />
            <line number="38" hits="1" branch="False" />
            <line number="42" hits="1" branch="True" condition-coverage="50% (1/2)">
              <conditions>
                <condition number="84" type="jump" coverage="50%" />
              </conditions>
            </line>
            <line number="43" hits="1" branch="False" />
            <line number="44" hits="1" branch="False" />
            <line number="47" hits="1" branch="False" />
            <line number="49" hits="0" branch="False" />
            <line number="50" hits="0" branch="False" />
            <line number="54" hits="1" branch="False" />
            <line number="55" hits="1" branch="False" />
            <line number="57" hits="1" branch="True" condition-coverage="50% (1/2)">
              <conditions>
                <condition number="181" type="jump" coverage="50%" />
              </conditions>
            </line>
            <line number="58" hits="1" branch="False" />
            <line number="59" hits="1" branch="False" />
            <line number="60" hits="1" branch="False" />
            <line number="61" hits="1" branch="False" />
            <line number="69" hits="1" branch="False" />
            <line number="72" hits="0" branch="True" condition-coverage="0% (0/2)">
              <conditions>
                <condition number="281" type="jump" coverage="0%" />
              </conditions>
            </line>
            <line number="73" hits="0" branch="False" />
            <line number="75" hits="0" branch="True" condition-coverage="0% (0/4)">
              <conditions>
                <condition number="298" type="jump" coverage="0%" />
                <condition number="325" type="jump" coverage="0%" />
              </conditions>
            </line>
            <line number="76" hits="0" branch="False" />
            <line number="77" hits="0" branch="False" />
            <line number="80" hits="0" branch="False" />
            <line number="81" hits="0" branch="False" />
            <line number="82" hits="0" branch="False" />
            <line number="84" hits="0" branch="False" />
            <line number="85" hits="0" branch="False" />
            <line number="88" hits="0" branch="False" />
            <line number="89" hits="1" branch="False" />
          </lines>
        </class>
        <class name="Zoh.Runtime.Verbs.Core.CaptureDriver" filename="Verbs\Core\CaptureDriver.cs" line-rate="0.44439999999999996" branch-rate="0.22719999999999999" complexity="24">
          <methods>
            <method name="get_Namespace" signature="()" line-rate="1" branch-rate="1" complexity="1">
              <lines>
                <line number="11" hits="2" branch="False" />
              </lines>
            </method>
            <method name="get_Name" signature="()" line-rate="1" branch-rate="1" complexity="1">
              <lines>
                <line number="12" hits="2" branch="False" />
              </lines>
            </method>
            <method name="Execute" signature="(Zoh.Runtime.Execution.IExecutionContext,Zoh.Runtime.Parsing.Ast.VerbCallAst)" line-rate="0.4117" branch-rate="0.22719999999999999" complexity="22">
              <lines>
                <line number="15" hits="1" branch="False" />
                <line number="19" hits="1" branch="False" />
                <line number="20" hits="1" branch="False" />
                <line number="23" hits="3" branch="True" condition-coverage="50% (1/2)">
                  <conditions>
                    <condition number="201" type="jump" coverage="50%" />
                  </conditions>
                </line>
                <line number="24" hits="0" branch="False" />
                <line number="25" hits="0" branch="True" condition-coverage="0% (0/2)">
                  <conditions>
                    <condition number="64" type="jump" coverage="0%" />
                  </conditions>
                </line>
                <line number="26" hits="0" branch="False" />
                <line number="27" hits="0" branch="True" condition-coverage="0% (0/2)">
                  <conditions>
                    <condition number="80" type="jump" coverage="0%" />
                  </conditions>
                </line>
                <line number="28" hits="0" branch="True" condition-coverage="0% (0/2)">
                  <conditions>
                    <condition number="122" type="jump" coverage="0%" />
                  </conditions>
                </line>
                <line number="29" hits="0" branch="False" />
                <line number="30" hits="0" branch="True" condition-coverage="0% (0/2)">
                  <conditions>
                    <condition number="147" type="jump" coverage="0%" />
                  </conditions>
                </line>
                <line number="31" hits="0" branch="True" condition-coverage="0% (0/2)">
                  <conditions>
                    <condition number="181" type="jump" coverage="0%" />
                  </conditions>
                </line>
                <line number="32" hits="0" branch="False" />
                <line number="33" hits="0" branch="False" />
                <line number="34" hits="0" branch="False" />
                <line number="36" hits="1" branch="True" condition-coverage="100% (2/2)">
                  <conditions>
                    <condition number="228" type="jump" coverage="100%" />
                  </conditions>
                </line>
                <line number="37" hits="1" branch="False" />
                <line number="38" hits="1" branch="False" />
                <line number="40" hits="2" branch="True" condition-coverage="50% (1/2)">
                  <conditions>
                    <condition number="267" type="jump" coverage="50%" />
                  </conditions>
                </line>
                <line number="41" hits="0" branch="True" condition-coverage="0% (0/2)">
                  <conditions>
                    <condition number="297" type="jump" coverage="0%" />
                  </conditions>
                </line>
                <line number="43" hits="0" branch="False" />
                <line number="44" hits="0" branch="False" />
                <line number="45" hits="0" branch="True" condition-coverage="0% (0/2)">
                  <conditions>
                    <condition number="338" type="jump" coverage="0%" />
                  </conditions>
                </line>
                <line number="46" hits="0" branch="False" />
                <line number="47" hits="1" branch="False" />
                <line number="49" hits="1" branch="True" condition-coverage="50% (1/2)">
                  <conditions>
                    <condition number="358" type="jump" coverage="50%" />
                  </conditions>
                </line>
                <line number="50" hits="0" branch="False" />
                <line number="53" hits="1" branch="False" />
                <line number="54" hits="1" branch="False" />
                <line number="55" hits="1" branch="False" />
                <line number="57" hits="0" branch="False" />
                <line number="58" hits="0" branch="False" />
                <line number="59" hits="0" branch="False" />
                <line number="61" hits="1" branch="False" />
              </lines>
            </method>
          </methods>
          <lines>
            <line number="11" hits="2" branch="False" />
            <line number="12" hits="2" branch="False" />
            <line number="15" hits="1" branch="False" />
            <line number="19" hits="1" branch="False" />
            <line number="20" hits="1" branch="False" />
            <line number="23" hits="3" branch="True" condition-coverage="50% (1/2)">
              <conditions>
                <condition number="201" type="jump" coverage="50%" />
              </conditions>
            </line>
            <line number="24" hits="0" branch="False" />
            <line number="25" hits="0" branch="True" condition-coverage="0% (0/2)">
              <conditions>
                <condition number="64" type="jump" coverage="0%" />
              </conditions>
            </line>
            <line number="26" hits="0" branch="False" />
            <line number="27" hits="0" branch="True" condition-coverage="0% (0/2)">
              <conditions>
                <condition number="80" type="jump" coverage="0%" />
              </conditions>
            </line>
            <line number="28" hits="0" branch="True" condition-coverage="0% (0/2)">
              <conditions>
                <condition number="122" type="jump" coverage="0%" />
              </conditions>
            </line>
            <line number="29" hits="0" branch="False" />
            <line number="30" hits="0" branch="True" condition-coverage="0% (0/2)">
              <conditions>
                <condition number="147" type="jump" coverage="0%" />
              </conditions>
            </line>
            <line number="31" hits="0" branch="True" condition-coverage="0% (0/2)">
              <conditions>
                <condition number="181" type="jump" coverage="0%" />
              </conditions>
            </line>
            <line number="32" hits="0" branch="False" />
            <line number="33" hits="0" branch="False" />
            <line number="34" hits="0" branch="False" />
            <line number="36" hits="1" branch="True" condition-coverage="100% (2/2)">
              <conditions>
                <condition number="228" type="jump" coverage="100%" />
              </conditions>
            </line>
            <line number="37" hits="1" branch="False" />
            <line number="38" hits="1" branch="False" />
            <line number="40" hits="2" branch="True" condition-coverage="50% (1/2)">
              <conditions>
                <condition number="267" type="jump" coverage="50%" />
              </conditions>
            </line>
            <line number="41" hits="0" branch="True" condition-coverage="0% (0/2)">
              <conditions>
                <condition number="297" type="jump" coverage="0%" />
              </conditions>
            </line>
            <line number="43" hits="0" branch="False" />
            <line number="44" hits="0" branch="False" />
            <line number="45" hits="0" branch="True" condition-coverage="0% (0/2)">
              <conditions>
                <condition number="338" type="jump" coverage="0%" />
              </conditions>
            </line>
            <line number="46" hits="0" branch="False" />
            <line number="47" hits="1" branch="False" />
            <line number="49" hits="1" branch="True" condition-coverage="50% (1/2)">
              <conditions>
                <condition number="358" type="jump" coverage="50%" />
              </conditions>
            </line>
            <line number="50" hits="0" branch="False" />
            <line number="53" hits="1" branch="False" />
            <line number="54" hits="1" branch="False" />
            <line number="55" hits="1" branch="False" />
            <line number="57" hits="0" branch="False" />
            <line number="58" hits="0" branch="False" />
            <line number="59" hits="0" branch="False" />
            <line number="61" hits="1" branch="False" />
          </lines>
        </class>
        <class name="Zoh.Runtime.Verbs.Core.DebugDriver" filename="Verbs\Core\DebugDriver.cs" line-rate="0.037000000000000005" branch-rate="0" complexity="42">
          <methods>
            <method name="get_Namespace" signature="()" line-rate="1" branch-rate="1" complexity="1">
              <lines>
                <line number="11" hits="8" branch="False" />
              </lines>
            </method>
            <method name="get_Name" signature="()" line-rate="0" branch-rate="1" complexity="1">
              <lines>
                <line number="12" hits="0" branch="False" />
              </lines>
            </method>
            <method name="Execute" signature="(Zoh.Runtime.Execution.IExecutionContext,Zoh.Runtime.Parsing.Ast.VerbCallAst)" line-rate="0" branch-rate="0" complexity="40">
              <lines>
                <line number="15" hits="0" branch="False" />
                <line number="18" hits="0" branch="False" />
                <line number="19" hits="0" branch="False" />
                <line number="21" hits="0" branch="True" condition-coverage="0% (0/32)">
                  <conditions>
                    <condition number="38" type="jump" coverage="0%" />
                    <condition number="47" type="jump" coverage="0%" />
                    <condition number="61" type="jump" coverage="0%" />
                    <condition number="86" type="jump" coverage="0%" />
                    <condition number="95" type="jump" coverage="0%" />
                    <condition number="123" type="jump" coverage="0%" />
                    <condition number="134" type="jump" coverage="0%" />
                    <condition number="72" type="jump" coverage="0%" />
                    <condition number="109" type="jump" coverage="0%" />
                    <condition number="150" type="jump" coverage="0%" />
                    <condition number="166" type="jump" coverage="0%" />
                    <condition number="182" type="jump" coverage="0%" />
                    <condition number="198" type="jump" coverage="0%" />
                    <condition number="214" type="jump" coverage="0%" />
                    <condition number="230" type="jump" coverage="0%" />
                    <condition number="246" type="jump" coverage="0%" />
                  </conditions>
                </line>
                <line number="25" hits="0" branch="False" />
                <line number="26" hits="0" branch="False" />
                <line number="29" hits="0" branch="False" />
                <line number="30" hits="0" branch="False" />
                <line number="35" hits="0" branch="False" />
                <line number="36" hits="0" branch="False" />
                <line number="39" hits="0" branch="False" />
                <line number="40" hits="0" branch="True" condition-coverage="0% (0/2)">
                  <conditions>
                    <condition number="393" type="jump" coverage="0%" />
                  </conditions>
                </line>
                <line number="41" hits="0" branch="False" />
                <line number="42" hits="0" branch="False" />
                <line number="43" hits="0" branch="True" condition-coverage="0% (0/2)">
                  <conditions>
                    <condition number="321" type="jump" coverage="0%" />
                  </conditions>
                </line>
                <line number="45" hits="0" branch="True" condition-coverage="0% (0/2)">
                  <conditions>
                    <condition number="353" type="jump" coverage="0%" />
                  </conditions>
                </line>
                <line number="46" hits="0" branch="False" />
                <line number="47" hits="0" branch="False" />
                <line number="49" hits="0" branch="False" />
                <line number="50" hits="0" branch="False" />
                <line number="53" hits="0" branch="True" condition-coverage="0% (0/2)">
                  <conditions>
                    <condition number="431" type="jump" coverage="0%" />
                  </conditions>
                </line>
                <line number="54" hits="0" branch="False" />
                <line number="55" hits="0" branch="False" />
                <line number="58" hits="0" branch="False" />
                <line number="59" hits="0" branch="False" />
              </lines>
            </method>
          </methods>
          <lines>
            <line number="11" hits="8" branch="False" />
            <line number="12" hits="0" branch="False" />
            <line number="15" hits="0" branch="False" />
            <line number="18" hits="0" branch="False" />
            <line number="19" hits="0" branch="False" />
            <line number="21" hits="0" branch="True" condition-coverage="0% (0/32)">
              <conditions>
                <condition number="38" type="jump" coverage="0%" />
                <condition number="47" type="jump" coverage="0%" />
                <condition number="61" type="jump" coverage="0%" />
                <condition number="86" type="jump" coverage="0%" />
                <condition number="95" type="jump" coverage="0%" />
                <condition number="123" type="jump" coverage="0%" />
                <condition number="134" type="jump" coverage="0%" />
                <condition number="72" type="jump" coverage="0%" />
                <condition number="109" type="jump" coverage="0%" />
                <condition number="150" type="jump" coverage="0%" />
                <condition number="166" type="jump" coverage="0%" />
                <condition number="182" type="jump" coverage="0%" />
                <condition number="198" type="jump" coverage="0%" />
                <condition number="214" type="jump" coverage="0%" />
                <condition number="230" type="jump" coverage="0%" />
                <condition number="246" type="jump" coverage="0%" />
              </conditions>
            </line>
            <line number="25" hits="0" branch="False" />
            <line number="26" hits="0" branch="False" />
            <line number="29" hits="0" branch="False" />
            <line number="30" hits="0" branch="False" />
            <line number="35" hits="0" branch="False" />
            <line number="36" hits="0" branch="False" />
            <line number="39" hits="0" branch="False" />
            <line number="40" hits="0" branch="True" condition-coverage="0% (0/2)">
              <conditions>
                <condition number="393" type="jump" coverage="0%" />
              </conditions>
            </line>
            <line number="41" hits="0" branch="False" />
            <line number="42" hits="0" branch="False" />
            <line number="43" hits="0" branch="True" condition-coverage="0% (0/2)">
              <conditions>
                <condition number="321" type="jump" coverage="0%" />
              </conditions>
            </line>
            <line number="45" hits="0" branch="True" condition-coverage="0% (0/2)">
              <conditions>
                <condition number="353" type="jump" coverage="0%" />
              </conditions>
            </line>
            <line number="46" hits="0" branch="False" />
            <line number="47" hits="0" branch="False" />
            <line number="49" hits="0" branch="False" />
            <line number="50" hits="0" branch="False" />
            <line number="53" hits="0" branch="True" condition-coverage="0% (0/2)">
              <conditions>
                <condition number="431" type="jump" coverage="0%" />
              </conditions>
            </line>
            <line number="54" hits="0" branch="False" />
            <line number="55" hits="0" branch="False" />
            <line number="58" hits="0" branch="False" />
            <line number="59" hits="0" branch="False" />
          </lines>
        </class>
        <class name="Zoh.Runtime.Verbs.Core.DecreaseDriver" filename="Verbs\Core\DecreaseDriver.cs" line-rate="1" branch-rate="1" complexity="3">
          <methods>
            <method name="get_Namespace" signature="()" line-rate="1" branch-rate="1" complexity="1">
              <lines>
                <line number="8" hits="2" branch="False" />
              </lines>
            </method>
            <method name="get_Name" signature="()" line-rate="1" branch-rate="1" complexity="1">
              <lines>
                <line number="9" hits="2" branch="False" />
              </lines>
            </method>
            <method name="Execute" signature="(Zoh.Runtime.Execution.IExecutionContext,Zoh.Runtime.Parsing.Ast.VerbCallAst)" line-rate="1" branch-rate="1" complexity="1">
              <lines>
                <line number="12" hits="1" branch="False" />
                <line number="14" hits="1" branch="False" />
                <line number="15" hits="1" branch="False" />
              </lines>
            </method>
          </methods>
          <lines>
            <line number="8" hits="2" branch="False" />
            <line number="9" hits="2" branch="False" />
            <line number="12" hits="1" branch="False" />
            <line number="14" hits="1" branch="False" />
            <line number="15" hits="1" branch="False" />
          </lines>
        </class>
        <class name="Zoh.Runtime.Verbs.Core.DropDriver" filename="Verbs\Core\DropDriver.cs" line-rate="0.46869999999999995" branch-rate="0.22719999999999999" complexity="24">
          <methods>
            <method name="get_Namespace" signature="()" line-rate="1" branch-rate="1" complexity="1">
              <lines>
                <line number="11" hits="2" branch="False" />
              </lines>
            </method>
            <method name="get_Name" signature="()" line-rate="1" branch-rate="1" complexity="1">
              <lines>
                <line number="12" hits="2" branch="False" />
              </lines>
            </method>
            <method name="Execute" signature="(Zoh.Runtime.Execution.IExecutionContext,Zoh.Runtime.Parsing.Ast.VerbCallAst)" line-rate="0.43329999999999996" branch-rate="0.22719999999999999" complexity="22">
              <lines>
                <line number="15" hits="1" branch="False" />
                <line number="19" hits="1" branch="False" />
                <line number="20" hits="1" branch="False" />
                <line number="25" hits="3" branch="True" condition-coverage="50% (1/2)">
                  <conditions>
                    <condition number="201" type="jump" coverage="50%" />
                  </conditions>
                </line>
                <line number="26" hits="0" branch="False" />
                <line number="27" hits="0" branch="True" condition-coverage="0% (0/2)">
                  <conditions>
                    <condition number="64" type="jump" coverage="0%" />
                  </conditions>
                </line>
                <line number="28" hits="0" branch="False" />
                <line number="29" hits="0" branch="True" condition-coverage="0% (0/2)">
                  <conditions>
                    <condition number="80" type="jump" coverage="0%" />
                  </conditions>
                </line>
                <line number="30" hits="0" branch="True" condition-coverage="0% (0/2)">
                  <conditions>
                    <condition number="122" type="jump" coverage="0%" />
                  </conditions>
                </line>
                <line number="31" hits="0" branch="False" />
                <line number="32" hits="0" branch="True" condition-coverage="0% (0/2)">
                  <conditions>
                    <condition number="147" type="jump" coverage="0%" />
                  </conditions>
                </line>
                <line number="33" hits="0" branch="True" condition-coverage="0% (0/2)">
                  <conditions>
                    <condition number="181" type="jump" coverage="0%" />
                  </conditions>
                </line>
                <line number="34" hits="0" branch="False" />
                <line number="35" hits="0" branch="False" />
                <line number="36" hits="0" branch="False" />
                <line number="38" hits="1" branch="True" condition-coverage="100% (2/2)">
                  <conditions>
                    <condition number="228" type="jump" coverage="100%" />
                  </conditions>
                </line>
                <line number="39" hits="1" branch="False" />
                <line number="40" hits="1" branch="False" />
                <line number="41" hits="2" branch="True" condition-coverage="50% (1/2)">
                  <conditions>
                    <condition number="267" type="jump" coverage="50%" />
                  </conditions>
                </line>
                <line number="42" hits="0" branch="True" condition-coverage="0% (0/2)">
                  <conditions>
                    <condition number="297" type="jump" coverage="0%" />
                  </conditions>
                </line>
                <line number="44" hits="0" branch="False" />
                <line number="45" hits="0" branch="False" />
                <line number="46" hits="0" branch="True" condition-coverage="0% (0/2)">
                  <conditions>
                    <condition number="338" type="jump" coverage="0%" />
                  </conditions>
                </line>
                <line number="47" hits="0" branch="False" />
                <line number="48" hits="1" branch="False" />
                <line number="50" hits="1" branch="True" condition-coverage="50% (1/2)">
                  <conditions>
                    <condition number="358" type="jump" coverage="50%" />
                  </conditions>
                </line>
                <line number="51" hits="0" branch="False" />
                <line number="53" hits="1" branch="False" />
                <line number="55" hits="1" branch="False" />
                <line number="56" hits="1" branch="False" />
              </lines>
            </method>
          </methods>
          <lines>
            <line number="11" hits="2" branch="False" />
            <line number="12" hits="2" branch="False" />
            <line number="15" hits="1" branch="False" />
            <line number="19" hits="1" branch="False" />
            <line number="20" hits="1" branch="False" />
            <line number="25" hits="3" branch="True" condition-coverage="50% (1/2)">
              <conditions>
                <condition number="201" type="jump" coverage="50%" />
              </conditions>
            </line>
            <line number="26" hits="0" branch="False" />
            <line number="27" hits="0" branch="True" condition-coverage="0% (0/2)">
              <conditions>
                <condition number="64" type="jump" coverage="0%" />
              </conditions>
            </line>
            <line number="28" hits="0" branch="False" />
            <line number="29" hits="0" branch="True" condition-coverage="0% (0/2)">
              <conditions>
                <condition number="80" type="jump" coverage="0%" />
              </conditions>
            </line>
            <line number="30" hits="0" branch="True" condition-coverage="0% (0/2)">
              <conditions>
                <condition number="122" type="jump" coverage="0%" />
              </conditions>
            </line>
            <line number="31" hits="0" branch="False" />
            <line number="32" hits="0" branch="True" condition-coverage="0% (0/2)">
              <conditions>
                <condition number="147" type="jump" coverage="0%" />
              </conditions>
            </line>
            <line number="33" hits="0" branch="True" condition-coverage="0% (0/2)">
              <conditions>
                <condition number="181" type="jump" coverage="0%" />
              </conditions>
            </line>
            <line number="34" hits="0" branch="False" />
            <line number="35" hits="0" branch="False" />
            <line number="36" hits="0" branch="False" />
            <line number="38" hits="1" branch="True" condition-coverage="100% (2/2)">
              <conditions>
                <condition number="228" type="jump" coverage="100%" />
              </conditions>
            </line>
            <line number="39" hits="1" branch="False" />
            <line number="40" hits="1" branch="False" />
            <line number="41" hits="2" branch="True" condition-coverage="50% (1/2)">
              <conditions>
                <condition number="267" type="jump" coverage="50%" />
              </conditions>
            </line>
            <line number="42" hits="0" branch="True" condition-coverage="0% (0/2)">
              <conditions>
                <condition number="297" type="jump" coverage="0%" />
              </conditions>
            </line>
            <line number="44" hits="0" branch="False" />
            <line number="45" hits="0" branch="False" />
            <line number="46" hits="0" branch="True" condition-coverage="0% (0/2)">
              <conditions>
                <condition number="338" type="jump" coverage="0%" />
              </conditions>
            </line>
            <line number="47" hits="0" branch="False" />
            <line number="48" hits="1" branch="False" />
            <line number="50" hits="1" branch="True" condition-coverage="50% (1/2)">
              <conditions>
                <condition number="358" type="jump" coverage="50%" />
              </conditions>
            </line>
            <line number="51" hits="0" branch="False" />
            <line number="53" hits="1" branch="False" />
            <line number="55" hits="1" branch="False" />
            <line number="56" hits="1" branch="False" />
          </lines>
        </class>
        <class name="Zoh.Runtime.Verbs.Core.FirstDriver" filename="Verbs\Core\FirstDriver.cs" line-rate="0.9166" branch-rate="0.75" complexity="6">
          <methods>
            <method name="get_Namespace" signature="()" line-rate="1" branch-rate="1" complexity="1">
              <lines>
                <line number="10" hits="2" branch="False" />
              </lines>
            </method>
            <method name="get_Name" signature="()" line-rate="1" branch-rate="1" complexity="1">
              <lines>
                <line number="11" hits="2" branch="False" />
              </lines>
            </method>
            <method name="Execute" signature="(Zoh.Runtime.Execution.IExecutionContext,Zoh.Runtime.Parsing.Ast.VerbCallAst)" line-rate="0.9" branch-rate="0.75" complexity="4">
              <lines>
                <line number="14" hits="1" branch="False" />
                <line number="15" hits="6" branch="True" condition-coverage="50% (1/2)">
                  <conditions>
                    <condition number="70" type="jump" coverage="50%" />
                  </conditions>
                </line>
                <line number="16" hits="2" branch="False" />
                <line number="24" hits="2" branch="False" />
                <line number="43" hits="2" branch="True" condition-coverage="100% (2/2)">
                  <conditions>
                    <condition number="49" type="jump" coverage="100%" />
                  </conditions>
                </line>
                <line number="44" hits="1" branch="False" />
                <line number="45" hits="1" branch="False" />
                <line number="47" hits="1" branch="False" />
                <line number="49" hits="0" branch="False" />
                <line number="50" hits="1" branch="False" />
              </lines>
            </method>
          </methods>
          <lines>
            <line number="10" hits="2" branch="False" />
            <line number="11" hits="2" branch="False" />
            <line number="14" hits="1" branch="False" />
            <line number="15" hits="6" branch="True" condition-coverage="50% (1/2)">
              <conditions>
                <condition number="70" type="jump" coverage="50%" />
              </conditions>
            </line>
            <line number="16" hits="2" branch="False" />
            <line number="24" hits="2" branch="False" />
            <line number="43" hits="2" branch="True" condition-coverage="100% (2/2)">
              <conditions>
                <condition number="49" type="jump" coverage="100%" />
              </conditions>
            </line>
            <line number="44" hits="1" branch="False" />
            <line number="45" hits="1" branch="False" />
            <line number="47" hits="1" branch="False" />
            <line number="49" hits="0" branch="False" />
            <line number="50" hits="1" branch="False" />
          </lines>
        </class>
        <class name="Zoh.Runtime.Verbs.Core.GetDriver" filename="Verbs\Core\GetDriver.cs" line-rate="0.6956" branch-rate="0.4" complexity="12">
          <methods>
            <method name="get_Namespace" signature="()" line-rate="1" branch-rate="1" complexity="1">
              <lines>
                <line number="11" hits="2" branch="False" />
              </lines>
            </method>
            <method name="get_Name" signature="()" line-rate="1" branch-rate="1" complexity="1">
              <lines>
                <line number="12" hits="2" branch="False" />
              </lines>
            </method>
            <method name="Execute" signature="(Zoh.Runtime.Execution.IExecutionContext,Zoh.Runtime.Parsing.Ast.VerbCallAst)" line-rate="0.6666" branch-rate="0.4" complexity="10">
              <lines>
                <line number="15" hits="2" branch="False" />
                <line number="19" hits="2" branch="False" />
                <line number="29" hits="2" branch="True" condition-coverage="100% (2/2)">
                  <conditions>
                    <condition number="22" type="jump" coverage="100%" />
                  </conditions>
                </line>
                <line number="30" hits="2" branch="False" />
                <line number="31" hits="2" branch="False" />
                <line number="33" hits="2" branch="True" condition-coverage="50% (1/2)">
                  <conditions>
                    <condition number="63" type="jump" coverage="50%" />
                  </conditions>
                </line>
                <line number="34" hits="2" branch="False" />
                <line number="35" hits="2" branch="False" />
                <line number="36" hits="2" branch="False" />
                <line number="38" hits="0" branch="False" />
                <line number="39" hits="0" branch="False" />
                <line number="40" hits="0" branch="True" condition-coverage="0% (0/2)">
                  <conditions>
                    <condition number="106" type="jump" coverage="0%" />
                  </conditions>
                </line>
                <line number="41" hits="0" branch="True" condition-coverage="0% (0/2)">
                  <conditions>
                    <condition number="136" type="jump" coverage="0%" />
                  </conditions>
                </line>
                <line number="42" hits="0" branch="False" />
                <line number="43" hits="0" branch="False" />
                <line number="44" hits="2" branch="False" />
                <line number="46" hits="2" branch="True" condition-coverage="50% (1/2)">
                  <conditions>
                    <condition number="204" type="jump" coverage="50%" />
                  </conditions>
                </line>
                <line number="47" hits="0" branch="False" />
                <line number="49" hits="2" branch="False" />
                <line number="50" hits="2" branch="False" />
                <line number="51" hits="2" branch="False" />
              </lines>
            </method>
          </methods>
          <lines>
            <line number="11" hits="2" branch="False" />
            <line number="12" hits="2" branch="False" />
            <line number="15" hits="2" branch="False" />
            <line number="19" hits="2" branch="False" />
            <line number="29" hits="2" branch="True" condition-coverage="100% (2/2)">
              <conditions>
                <condition number="22" type="jump" coverage="100%" />
              </conditions>
            </line>
            <line number="30" hits="2" branch="False" />
            <line number="31" hits="2" branch="False" />
            <line number="33" hits="2" branch="True" condition-coverage="50% (1/2)">
              <conditions>
                <condition number="63" type="jump" coverage="50%" />
              </conditions>
            </line>
            <line number="34" hits="2" branch="False" />
            <line number="35" hits="2" branch="False" />
            <line number="36" hits="2" branch="False" />
            <line number="38" hits="0" branch="False" />
            <line number="39" hits="0" branch="False" />
            <line number="40" hits="0" branch="True" condition-coverage="0% (0/2)">
              <conditions>
                <condition number="106" type="jump" coverage="0%" />
              </conditions>
            </line>
            <line number="41" hits="0" branch="True" condition-coverage="0% (0/2)">
              <conditions>
                <condition number="136" type="jump" coverage="0%" />
              </conditions>
            </line>
            <line number="42" hits="0" branch="False" />
            <line number="43" hits="0" branch="False" />
            <line number="44" hits="2" branch="False" />
            <line number="46" hits="2" branch="True" condition-coverage="50% (1/2)">
              <conditions>
                <condition number="204" type="jump" coverage="50%" />
              </conditions>
            </line>
            <line number="47" hits="0" branch="False" />
            <line number="49" hits="2" branch="False" />
            <line number="50" hits="2" branch="False" />
            <line number="51" hits="2" branch="False" />
          </lines>
        </class>
        <class name="Zoh.Runtime.Verbs.Core.HasDriver" filename="Verbs\Core\HasDriver.cs" line-rate="0.8636" branch-rate="0.8" complexity="12">
          <methods>
            <method name="get_Namespace" signature="()" line-rate="1" branch-rate="1" complexity="1">
              <lines>
                <line number="10" hits="2" branch="False" />
              </lines>
            </method>
            <method name="get_Name" signature="()" line-rate="1" branch-rate="1" complexity="1">
              <lines>
                <line number="11" hits="2" branch="False" />
              </lines>
            </method>
            <method name="Execute" signature="(Zoh.Runtime.Execution.IExecutionContext,Zoh.Runtime.Parsing.Ast.VerbCallAst)" line-rate="0.85" branch-rate="0.8" complexity="10">
              <lines>
                <line number="14" hits="3" branch="False" />
                <line number="15" hits="3" branch="False" />
                <line number="16" hits="3" branch="True" condition-coverage="50% (1/2)">
                  <conditions>
                    <condition number="22" type="jump" coverage="50%" />
                  </conditions>
                </line>
                <line number="17" hits="0" branch="False" />
                <line number="18" hits="0" branch="False" />
                <line number="21" hits="3" branch="False" />
                <line number="22" hits="3" branch="False" />
                <line number="24" hits="3" branch="True" condition-coverage="100% (2/2)">
                  <conditions>
                    <condition number="105" type="jump" coverage="100%" />
                  </conditions>
                </line>
                <line number="25" hits="2" branch="False" />
                <line number="27" hits="13" branch="True" condition-coverage="100% (2/2)">
                  <conditions>
                    <condition number="177" type="jump" coverage="100%" />
                  </conditions>
                </line>
                <line number="28" hits="4" branch="False" />
                <line number="31" hits="5" branch="True" condition-coverage="100% (2/2)">
                  <conditions>
                    <condition number="150" type="jump" coverage="100%" />
                  </conditions>
                </line>
                <line number="32" hits="3" branch="False" />
                <line number="33" hits="1" branch="False" />
                <line number="36" hits="1" branch="True" condition-coverage="50% (1/2)">
                  <conditions>
                    <condition number="213" type="jump" coverage="50%" />
                  </conditions>
                </line>
                <line number="37" hits="1" branch="False" />
                <line number="40" hits="1" branch="False" />
                <line number="41" hits="1" branch="False" />
                <line number="44" hits="0" branch="False" />
                <line number="45" hits="3" branch="False" />
              </lines>
            </method>
          </methods>
          <lines>
            <line number="10" hits="2" branch="False" />
            <line number="11" hits="2" branch="False" />
            <line number="14" hits="3" branch="False" />
            <line number="15" hits="3" branch="False" />
            <line number="16" hits="3" branch="True" condition-coverage="50% (1/2)">
              <conditions>
                <condition number="22" type="jump" coverage="50%" />
              </conditions>
            </line>
            <line number="17" hits="0" branch="False" />
            <line number="18" hits="0" branch="False" />
            <line number="21" hits="3" branch="False" />
            <line number="22" hits="3" branch="False" />
            <line number="24" hits="3" branch="True" condition-coverage="100% (2/2)">
              <conditions>
                <condition number="105" type="jump" coverage="100%" />
              </conditions>
            </line>
            <line number="25" hits="2" branch="False" />
            <line number="27" hits="13" branch="True" condition-coverage="100% (2/2)">
              <conditions>
                <condition number="177" type="jump" coverage="100%" />
              </conditions>
            </line>
            <line number="28" hits="4" branch="False" />
            <line number="31" hits="5" branch="True" condition-coverage="100% (2/2)">
              <conditions>
                <condition number="150" type="jump" coverage="100%" />
              </conditions>
            </line>
            <line number="32" hits="3" branch="False" />
            <line number="33" hits="1" branch="False" />
            <line number="36" hits="1" branch="True" condition-coverage="50% (1/2)">
              <conditions>
                <condition number="213" type="jump" coverage="50%" />
              </conditions>
            </line>
            <line number="37" hits="1" branch="False" />
            <line number="40" hits="1" branch="False" />
            <line number="41" hits="1" branch="False" />
            <line number="44" hits="0" branch="False" />
            <line number="45" hits="3" branch="False" />
          </lines>
        </class>
        <class name="Zoh.Runtime.Verbs.Core.IncreaseDriver" filename="Verbs\Core\IncreaseDriver.cs" line-rate="0.8332999999999999" branch-rate="0.6537999999999999" complexity="29">
          <methods>
            <method name="get_Namespace" signature="()" line-rate="1" branch-rate="1" complexity="1">
              <lines>
                <line number="11" hits="2" branch="False" />
              </lines>
            </method>
            <method name="get_Name" signature="()" line-rate="1" branch-rate="1" complexity="1">
              <lines>
                <line number="12" hits="2" branch="False" />
              </lines>
            </method>
            <method name="Execute" signature="(Zoh.Runtime.Execution.IExecutionContext,Zoh.Runtime.Parsing.Ast.VerbCallAst)" line-rate="1" branch-rate="1" complexity="1">
              <lines>
                <line number="15" hits="4" branch="False" />
                <line number="19" hits="4" branch="False" />
                <line number="20" hits="4" branch="False" />
              </lines>
            </method>
            <method name="ModifyVariable" signature="(Zoh.Runtime.Execution.IExecutionContext,Zoh.Runtime.Parsing.Ast.VerbCallAst,System.Int32)" line-rate="0.8139" branch-rate="0.6537999999999999" complexity="26">
              <lines>
                <line number="23" hits="5" branch="False" />
                <line number="24" hits="5" branch="False" />
                <line number="25" hits="5" branch="False" />
                <line number="27" hits="5" branch="True" condition-coverage="100% (2/2)">
                  <conditions>
                    <condition number="33" type="jump" coverage="100%" />
                  </conditions>
                </line>
                <line number="28" hits="5" branch="False" />
                <line number="29" hits="5" branch="False" />
                <line number="30" hits="10" branch="True" condition-coverage="50% (1/2)">
                  <conditions>
                    <condition number="75" type="jump" coverage="50%" />
                  </conditions>
                </line>
                <line number="31" hits="0" branch="True" condition-coverage="0% (0/2)">
                  <conditions>
                    <condition number="105" type="jump" coverage="0%" />
                  </conditions>
                </line>
                <line number="33" hits="0" branch="False" />
                <line number="34" hits="0" branch="False" />
                <line number="35" hits="0" branch="True" condition-coverage="0% (0/2)">
                  <conditions>
                    <condition number="146" type="jump" coverage="0%" />
                  </conditions>
                </line>
                <line number="36" hits="0" branch="False" />
                <line number="38" hits="5" branch="True" condition-coverage="100% (2/2)">
                  <conditions>
                    <condition number="179" type="jump" coverage="100%" />
                  </conditions>
                </line>
                <line number="39" hits="2" branch="False" />
                <line number="40" hits="2" branch="False" />
                <line number="41" hits="2" branch="False" />
                <line number="42" hits="5" branch="False" />
                <line number="44" hits="5" branch="True" condition-coverage="50% (1/2)">
                  <conditions>
                    <condition number="215" type="jump" coverage="50%" />
                  </conditions>
                </line>
                <line number="45" hits="0" branch="False" />
                <line number="47" hits="5" branch="False" />
                <line number="50" hits="5" branch="True" condition-coverage="100% (2/2)">
                  <conditions>
                    <condition number="310" type="jump" coverage="100%" />
                  </conditions>
                </line>
                <line number="51" hits="4" branch="False" />
                <line number="52" hits="4" branch="False" />
                <line number="53" hits="7" branch="True" condition-coverage="100% (2/2)">
                  <conditions>
                    <condition number="337" type="jump" coverage="100%" />
                  </conditions>
                </line>
                <line number="54" hits="2" branch="True" condition-coverage="100% (2/2)">
                  <conditions>
                    <condition number="367" type="jump" coverage="100%" />
                  </conditions>
                </line>
                <line number="58" hits="4" branch="True" condition-coverage="100% (2/2)">
                  <conditions>
                    <condition number="396" type="jump" coverage="100%" />
                  </conditions>
                </line>
                <line number="59" hits="1" branch="False" />
                <line number="60" hits="1" branch="False" />
                <line number="61" hits="1" branch="False" />
                <line number="62" hits="1" branch="False" />
                <line number="65" hits="3" branch="False" />
                <line number="66" hits="3" branch="False" />
                <line number="67" hits="3" branch="False" />
                <line number="69" hits="1" branch="True" condition-coverage="50% (1/2)">
                  <conditions>
                    <condition number="538" type="jump" coverage="50%" />
                  </conditions>
                </line>
                <line number="70" hits="1" branch="False" />
                <line number="71" hits="1" branch="False" />
                <line number="72" hits="2" branch="True" condition-coverage="50% (1/2)">
                  <conditions>
                    <condition number="569" type="jump" coverage="50%" />
                  </conditions>
                </line>
                <line number="73" hits="0" branch="True" condition-coverage="50% (1/2)">
                  <conditions>
                    <condition number="600" type="jump" coverage="50%" />
                  </conditions>
                </line>
                <line number="75" hits="1" branch="False" />
                <line number="76" hits="1" branch="False" />
                <line number="77" hits="1" branch="False" />
                <line number="80" hits="0" branch="False" />
                <line number="81" hits="5" branch="False" />
              </lines>
            </method>
          </methods>
          <lines>
            <line number="11" hits="2" branch="False" />
            <line number="12" hits="2" branch="False" />
            <line number="15" hits="4" branch="False" />
            <line number="19" hits="4" branch="False" />
            <line number="20" hits="4" branch="False" />
            <line number="23" hits="5" branch="False" />
            <line number="24" hits="5" branch="False" />
            <line number="25" hits="5" branch="False" />
            <line number="27" hits="5" branch="True" condition-coverage="100% (2/2)">
              <conditions>
                <condition number="33" type="jump" coverage="100%" />
              </conditions>
            </line>
            <line number="28" hits="5" branch="False" />
            <line number="29" hits="5" branch="False" />
            <line number="30" hits="10" branch="True" condition-coverage="50% (1/2)">
              <conditions>
                <condition number="75" type="jump" coverage="50%" />
              </conditions>
            </line>
            <line number="31" hits="0" branch="True" condition-coverage="0% (0/2)">
              <conditions>
                <condition number="105" type="jump" coverage="0%" />
              </conditions>
            </line>
            <line number="33" hits="0" branch="False" />
            <line number="34" hits="0" branch="False" />
            <line number="35" hits="0" branch="True" condition-coverage="0% (0/2)">
              <conditions>
                <condition number="146" type="jump" coverage="0%" />
              </conditions>
            </line>
            <line number="36" hits="0" branch="False" />
            <line number="38" hits="5" branch="True" condition-coverage="100% (2/2)">
              <conditions>
                <condition number="179" type="jump" coverage="100%" />
              </conditions>
            </line>
            <line number="39" hits="2" branch="False" />
            <line number="40" hits="2" branch="False" />
            <line number="41" hits="2" branch="False" />
            <line number="42" hits="5" branch="False" />
            <line number="44" hits="5" branch="True" condition-coverage="50% (1/2)">
              <conditions>
                <condition number="215" type="jump" coverage="50%" />
              </conditions>
            </line>
            <line number="45" hits="0" branch="False" />
            <line number="47" hits="5" branch="False" />
            <line number="50" hits="5" branch="True" condition-coverage="100% (2/2)">
              <conditions>
                <condition number="310" type="jump" coverage="100%" />
              </conditions>
            </line>
            <line number="51" hits="4" branch="False" />
            <line number="52" hits="4" branch="False" />
            <line number="53" hits="7" branch="True" condition-coverage="100% (2/2)">
              <conditions>
                <condition number="337" type="jump" coverage="100%" />
              </conditions>
            </line>
            <line number="54" hits="2" branch="True" condition-coverage="100% (2/2)">
              <conditions>
                <condition number="367" type="jump" coverage="100%" />
              </conditions>
            </line>
            <line number="58" hits="4" branch="True" condition-coverage="100% (2/2)">
              <conditions>
                <condition number="396" type="jump" coverage="100%" />
              </conditions>
            </line>
            <line number="59" hits="1" branch="False" />
            <line number="60" hits="1" branch="False" />
            <line number="61" hits="1" branch="False" />
            <line number="62" hits="1" branch="False" />
            <line number="65" hits="3" branch="False" />
            <line number="66" hits="3" branch="False" />
            <line number="67" hits="3" branch="False" />
            <line number="69" hits="1" branch="True" condition-coverage="50% (1/2)">
              <conditions>
                <condition number="538" type="jump" coverage="50%" />
              </conditions>
            </line>
            <line number="70" hits="1" branch="False" />
            <line number="71" hits="1" branch="False" />
            <line number="72" hits="2" branch="True" condition-coverage="50% (1/2)">
              <conditions>
                <condition number="569" type="jump" coverage="50%" />
              </conditions>
            </line>
            <line number="73" hits="0" branch="True" condition-coverage="50% (1/2)">
              <conditions>
                <condition number="600" type="jump" coverage="50%" />
              </conditions>
            </line>
            <line number="75" hits="1" branch="False" />
            <line number="76" hits="1" branch="False" />
            <line number="77" hits="1" branch="False" />
            <line number="80" hits="0" branch="False" />
            <line number="81" hits="5" branch="False" />
          </lines>
        </class>
        <class name="Zoh.Runtime.Verbs.Core.InterpolateDriver" filename="Verbs\Core\InterpolateDriver.cs" line-rate="0.1176" branch-rate="0" complexity="6">
          <methods>
            <method name="get_Namespace" signature="()" line-rate="1" branch-rate="1" complexity="1">
              <lines>
                <line number="11" hits="2" branch="False" />
              </lines>
            </method>
            <method name="get_Name" signature="()" line-rate="1" branch-rate="1" complexity="1">
              <lines>
                <line number="12" hits="2" branch="False" />
              </lines>
            </method>
            <method name="Execute" signature="(Zoh.Runtime.Execution.IExecutionContext,Zoh.Runtime.Parsing.Ast.VerbCallAst)" line-rate="0" branch-rate="0" complexity="4">
              <lines>
                <line number="15" hits="0" branch="False" />
                <line number="18" hits="0" branch="True" condition-coverage="0% (0/2)">
                  <conditions>
                    <condition number="23" type="jump" coverage="0%" />
                  </conditions>
                </line>
                <line number="19" hits="0" branch="False" />
                <line number="20" hits="0" branch="False" />
                <line number="23" hits="0" branch="False" />
                <line number="26" hits="0" branch="True" condition-coverage="0% (0/2)">
                  <conditions>
                    <condition number="113" type="jump" coverage="0%" />
                  </conditions>
                </line>
                <line number="27" hits="0" branch="False" />
                <line number="29" hits="0" branch="False" />
                <line number="31" hits="0" branch="False" />
                <line number="32" hits="0" branch="False" />
                <line number="33" hits="0" branch="False" />
                <line number="35" hits="0" branch="False" />
                <line number="36" hits="0" branch="False" />
                <line number="37" hits="0" branch="False" />
                <line number="39" hits="0" branch="False" />
              </lines>
            </method>
          </methods>
          <lines>
            <line number="11" hits="2" branch="False" />
            <line number="12" hits="2" branch="False" />
            <line number="15" hits="0" branch="False" />
            <line number="18" hits="0" branch="True" condition-coverage="0% (0/2)">
              <conditions>
                <condition number="23" type="jump" coverage="0%" />
              </conditions>
            </line>
            <line number="19" hits="0" branch="False" />
            <line number="20" hits="0" branch="False" />
            <line number="23" hits="0" branch="False" />
            <line number="26" hits="0" branch="True" condition-coverage="0% (0/2)">
              <conditions>
                <condition number="113" type="jump" coverage="0%" />
              </conditions>
            </line>
            <line number="27" hits="0" branch="False" />
            <line number="29" hits="0" branch="False" />
            <line number="31" hits="0" branch="False" />
            <line number="32" hits="0" branch="False" />
            <line number="33" hits="0" branch="False" />
            <line number="35" hits="0" branch="False" />
            <line number="36" hits="0" branch="False" />
            <line number="37" hits="0" branch="False" />
            <line number="39" hits="0" branch="False" />
          </lines>
        </class>
        <class name="Zoh.Runtime.Verbs.Core.ParseDriver" filename="Verbs\Core\ParseDriver.cs" line-rate="0.0512" branch-rate="0" complexity="28">
          <methods>
            <method name="get_Namespace" signature="()" line-rate="1" branch-rate="1" complexity="1">
              <lines>
                <line number="10" hits="2" branch="False" />
              </lines>
            </method>
            <method name="get_Name" signature="()" line-rate="1" branch-rate="1" complexity="1">
              <lines>
                <line number="11" hits="2" branch="False" />
              </lines>
            </method>
[...]
                <line number="16" hits="0" branch="False" />
                <line number="17" hits="0" branch="False" />
                <line number="18" hits="0" branch="False" />
              </lines>
            </method>
          </methods>
          <lines>
            <line number="11" hits="0" branch="False" />
            <line number="12" hits="0" branch="False" />
            <line number="14" hits="0" branch="False" />
            <line number="15" hits="0" branch="False" />
            <line number="16" hits="0" branch="False" />
            <line number="17" hits="0" branch="False" />
            <line number="18" hits="0" branch="False" />
          </lines>
        </class>
        <class name="Zoh.Runtime.Execution.ValueResolver" filename="Execution\ValueResolver.cs" line-rate="0.22949999999999998" branch-rate="0.22719999999999999" complexity="45">
          <methods>
            <method name="Resolve" signature="(Zoh.Runtime.Parsing.Ast.ValueAst,Zoh.Runtime.Execution.IExecutionContext)" line-rate="0.5625" branch-rate="0.409" complexity="22">
              <lines>
                <line number="12" hits="17" branch="False" />
                <line number="13" hits="17" branch="True" condition-coverage="45% (9/20)">
                  <conditions>
                    <condition number="11" type="jump" coverage="50%" />
                    <condition number="24" type="jump" coverage="50%" />
                    <condition number="37" type="jump" coverage="100%" />
                    <condition number="50" type="jump" coverage="100%" />
                    <condition number="63" type="jump" coverage="100%" />
                    <condition number="78" type="jump" coverage="50%" />
                    <condition number="93" type="jump" coverage="0%" />
                    <condition number="108" type="jump" coverage="0%" />
                    <condition number="123" type="jump" coverage="0%" />
                    <condition number="138" type="jump" coverage="0%" />
                  </conditions>
                </line>
                <line number="14" hits="17" branch="False" />
                <line number="15" hits="0" branch="False" />
                <line number="16" hits="0" branch="True" condition-coverage="0% (0/2)">
                  <conditions>
                    <condition number="168" type="jump" coverage="0%" />
                  </conditions>
                </line>
                <line number="17" hits="7" branch="False" />
                <line number="18" hits="1" branch="False" />
                <line number="19" hits="2" branch="False" />
                <line number="20" hits="7" branch="False" />
                <line number="21" hits="0" branch="False" />
                <line number="22" hits="0" branch="False" />
                <line number="23" hits="0" branch="False" />
                <line number="24" hits="0" branch="False" />
                <line number="25" hits="0" branch="False" />
                <line number="26" hits="17" branch="False" />
                <line number="27" hits="17" branch="False" />
              </lines>
            </method>
            <method name="ResolveReference" signature="(Zoh.Runtime.Parsing.Ast.ValueAst/Reference,Zoh.Runtime.Execution.IExecutionContext)" line-rate="0.625" branch-rate="0.5" complexity="2">
              <lines>
                <line number="30" hits="7" branch="False" />
                <line number="33" hits="7" branch="False" />
                <line number="34" hits="7" branch="True" condition-coverage="50% (1/2)">
                  <conditions>
                    <condition number="33" type="jump" coverage="50%" />
                  </conditions>
                </line>
                <line number="35" hits="0" branch="False" />
                <line number="37" hits="0" branch="False" />
                <line number="43" hits="0" branch="False" />
                <line number="45" hits="7" branch="False" />
                <line number="46" hits="7" branch="False" />
              </lines>
            </method>
            <method name="ApplyIndex" signature="(Zoh.Runtime.Types.ZohValue,Zoh.Runtime.Types.ZohValue)" line-rate="0" branch-rate="0" complexity="14">
              <lines>
                <line number="49" hits="0" branch="False" />
                <line number="50" hits="0" branch="True" condition-coverage="0% (0/4)">
                  <conditions>
                    <condition number="9" type="jump" coverage="0%" />
                    <condition number="29" type="jump" coverage="0%" />
                  </conditions>
                </line>
                <line number="51" hits="0" branch="False" />
                <line number="52" hits="0" branch="False" />
                <line number="53" hits="0" branch="True" condition-coverage="0% (0/4)">
                  <conditions>
                    <condition number="44" type="jump" coverage="0%" />
                    <condition number="72" type="jump" coverage="0%" />
                  </conditions>
                </line>
                <line number="54" hits="0" branch="False" />
                <line number="56" hits="0" branch="True" condition-coverage="0% (0/4)">
                  <conditions>
                    <condition number="112" type="jump" coverage="0%" />
                    <condition number="132" type="jump" coverage="0%" />
                  </conditions>
                </line>
                <line number="57" hits="0" branch="False" />
                <line number="58" hits="0" branch="True" condition-coverage="0% (0/2)">
                  <conditions>
                    <condition number="158" type="jump" coverage="0%" />
                  </conditions>
                </line>
                <line number="59" hits="0" branch="False" />
                <line number="62" hits="0" branch="False" />
                <line number="63" hits="0" branch="False" />
              </lines>
            </method>
            <method name="ResolveExpression" signature="(Zoh.Runtime.Parsing.Ast.ValueAst/Expression,Zoh.Runtime.Execution.IExecutionContext)" line-rate="0" branch-rate="1" complexity="1">
              <lines>
                <line number="66" hits="0" branch="False" />
                <line number="67" hits="0" branch="False" />
                <line number="71" hits="0" branch="False" />
                <line number="72" hits="0" branch="False" />
                <line number="73" hits="0" branch="False" />
                <line number="74" hits="0" branch="False" />
                <line number="75" hits="0" branch="False" />
              </lines>
            </method>
            <method name="ResolveList" signature="(Zoh.Runtime.Parsing.Ast.ValueAst/List,Zoh.Runtime.Execution.IExecutionContext)" line-rate="0" branch-rate="0" complexity="2">
              <lines>
                <line number="78" hits="0" branch="False" />
                <line number="79" hits="0" branch="False" />
                <line number="80" hits="0" branch="True" condition-coverage="0% (0/2)">
                  <conditions>
                    <condition number="56" type="jump" coverage="0%" />
                  </conditions>
                </line>
                <line number="81" hits="0" branch="False" />
                <line number="82" hits="0" branch="False" />
                <line number="83" hits="0" branch="False" />
                <line number="84" hits="0" branch="False" />
                <line number="85" hits="0" branch="False" />
              </lines>
            </method>
            <method name="ResolveMap" signature="(Zoh.Runtime.Parsing.Ast.ValueAst/Map,Zoh.Runtime.Execution.IExecutionContext)" line-rate="0" branch-rate="0" complexity="4">
              <lines>
                <line number="88" hits="0" branch="False" />
                <line number="89" hits="0" branch="False" />
                <line number="90" hits="0" branch="True" condition-coverage="0% (0/2)">
                  <conditions>
                    <condition number="108" type="jump" coverage="0%" />
                  </conditions>
                </line>
                <line number="91" hits="0" branch="False" />
                <line number="94" hits="0" branch="False" />
                <line number="95" hits="0" branch="True" condition-coverage="0% (0/2)">
                  <conditions>
                    <condition number="59" type="jump" coverage="0%" />
                  </conditions>
                </line>
                <line number="96" hits="0" branch="False" />
                <line number="97" hits="0" branch="False" />
                <line number="98" hits="0" branch="False" />
                <line number="99" hits="0" branch="False" />
              </lines>
            </method>
          </methods>
          <lines>
            <line number="12" hits="17" branch="False" />
            <line number="13" hits="17" branch="True" condition-coverage="45% (9/20)">
              <conditions>
                <condition number="11" type="jump" coverage="50%" />
                <condition number="24" type="jump" coverage="50%" />
                <condition number="37" type="jump" coverage="100%" />
                <condition number="50" type="jump" coverage="100%" />
                <condition number="63" type="jump" coverage="100%" />
                <condition number="78" type="jump" coverage="50%" />
                <condition number="93" type="jump" coverage="0%" />
                <condition number="108" type="jump" coverage="0%" />
                <condition number="123" type="jump" coverage="0%" />
                <condition number="138" type="jump" coverage="0%" />
              </conditions>
            </line>
            <line number="14" hits="17" branch="False" />
            <line number="15" hits="0" branch="False" />
            <line number="16" hits="0" branch="True" condition-coverage="0% (0/2)">
              <conditions>
                <condition number="168" type="jump" coverage="0%" />
              </conditions>
            </line>
            <line number="17" hits="7" branch="False" />
            <line number="18" hits="1" branch="False" />
            <line number="19" hits="2" branch="False" />
            <line number="20" hits="7" branch="False" />
            <line number="21" hits="0" branch="False" />
            <line number="22" hits="0" branch="False" />
            <line number="23" hits="0" branch="False" />
            <line number="24" hits="0" branch="False" />
            <line number="25" hits="0" branch="False" />
            <line number="26" hits="17" branch="False" />
            <line number="27" hits="17" branch="False" />
            <line number="30" hits="7" branch="False" />
            <line number="33" hits="7" branch="False" />
            <line number="34" hits="7" branch="True" condition-coverage="50% (1/2)">
              <conditions>
                <condition number="33" type="jump" coverage="50%" />
              </conditions>
            </line>
            <line number="35" hits="0" branch="False" />
            <line number="37" hits="0" branch="False" />
            <line number="43" hits="0" branch="False" />
            <line number="45" hits="7" branch="False" />
            <line number="46" hits="7" branch="False" />
            <line number="49" hits="0" branch="False" />
            <line number="50" hits="0" branch="True" condition-coverage="0% (0/4)">
              <conditions>
                <condition number="9" type="jump" coverage="0%" />
                <condition number="29" type="jump" coverage="0%" />
              </conditions>
            </line>
            <line number="51" hits="0" branch="False" />
            <line number="52" hits="0" branch="False" />
            <line number="53" hits="0" branch="True" condition-coverage="0% (0/4)">
              <conditions>
                <condition number="44" type="jump" coverage="0%" />
                <condition number="72" type="jump" coverage="0%" />
              </conditions>
            </line>
            <line number="54" hits="0" branch="False" />
            <line number="56" hits="0" branch="True" condition-coverage="0% (0/4)">
              <conditions>
                <condition number="112" type="jump" coverage="0%" />
                <condition number="132" type="jump" coverage="0%" />
              </conditions>
            </line>
            <line number="57" hits="0" branch="False" />
            <line number="58" hits="0" branch="True" condition-coverage="0% (0/2)">
              <conditions>
                <condition number="158" type="jump" coverage="0%" />
              </conditions>
            </line>
            <line number="59" hits="0" branch="False" />
            <line number="62" hits="0" branch="False" />
            <line number="63" hits="0" branch="False" />
            <line number="66" hits="0" branch="False" />
            <line number="67" hits="0" branch="False" />
            <line number="71" hits="0" branch="False" />
            <line number="72" hits="0" branch="False" />
            <line number="73" hits="0" branch="False" />
            <line number="74" hits="0" branch="False" />
            <line number="75" hits="0" branch="False" />
            <line number="78" hits="0" branch="False" />
            <line number="79" hits="0" branch="False" />
            <line number="80" hits="0" branch="True" condition-coverage="0% (0/2)">
              <conditions>
                <condition number="56" type="jump" coverage="0%" />
              </conditions>
            </line>
            <line number="81" hits="0" branch="False" />
            <line number="82" hits="0" branch="False" />
            <line number="83" hits="0" branch="False" />
            <line number="84" hits="0" branch="False" />
            <line number="85" hits="0" branch="False" />
            <line number="88" hits="0" branch="False" />
            <line number="89" hits="0" branch="False" />
            <line number="90" hits="0" branch="True" condition-coverage="0% (0/2)">
              <conditions>
                <condition number="108" type="jump" coverage="0%" />
              </conditions>
            </line>
            <line number="91" hits="0" branch="False" />
            <line number="94" hits="0" branch="False" />
            <line number="95" hits="0" branch="True" condition-coverage="0% (0/2)">
              <conditions>
                <condition number="59" type="jump" coverage="0%" />
              </conditions>
            </line>
            <line number="96" hits="0" branch="False" />
            <line number="97" hits="0" branch="False" />
            <line number="98" hits="0" branch="False" />
            <line number="99" hits="0" branch="False" />
          </lines>
        </class>
        <class name="Zoh.Runtime.Diagnostics.Diagnostic" filename="Diagnostics\Diagnostic.cs" line-rate="0.5" branch-rate="0" complexity="3">
          <methods>
            <method name="get_Severity" signature="()" line-rate="1" branch-rate="1" complexity="1">
              <lines>
                <line number="5" hits="6" branch="False" />
              </lines>
            </method>
            <method name="ToString" signature="()" line-rate="0" branch-rate="0" complexity="2">
              <lines>
                <line number="7" hits="0" branch="True" condition-coverage="0% (0/2)">
                  <conditions>
                    <condition number="140" type="jump" coverage="0%" />
                  </conditions>
                </line>
              </lines>
            </method>
          </methods>
          <lines>
            <line number="5" hits="6" branch="False" />
            <line number="7" hits="0" branch="True" condition-coverage="0% (0/2)">
              <conditions>
                <condition number="140" type="jump" coverage="0%" />
              </conditions>
            </line>
          </lines>
        </class>
        <class name="Zoh.Runtime.Diagnostics.DiagnosticBag" filename="Diagnostics\DiagnosticBag.cs" line-rate="0" branch-rate="1" complexity="11">
          <methods>
            <method name="Report" signature="(Zoh.Runtime.Diagnostics.Diagnostic)" line-rate="0" branch-rate="1" complexity="1">
              <lines>
                <line number="11" hits="0" branch="False" />
              </lines>
            </method>
            <method name="ReportInfo" signature="(System.String,System.String,Zoh.Runtime.Lexing.TextPosition,System.String)" line-rate="0" branch-rate="1" complexity="1">
              <lines>
                <line number="14" hits="0" branch="False" />
              </lines>
            </method>
            <method name="ReportWarning" signature="(System.String,System.String,Zoh.Runtime.Lexing.TextPosition,System.String)" line-rate="0" branch-rate="1" complexity="1">
              <lines>
                <line number="17" hits="0" branch="False" />
              </lines>
            </method>
            <method name="ReportError" signature="(System.String,System.String,Zoh.Runtime.Lexing.TextPosition,System.String)" line-rate="0" branch-rate="1" complexity="1">
              <lines>
                <line number="20" hits="0" branch="False" />
              </lines>
            </method>
            <method name="ReportFatal" signature="(System.String,System.String,Zoh.Runtime.Lexing.TextPosition,System.String)" line-rate="0" branch-rate="1" complexity="1">
              <lines>
                <line number="23" hits="0" branch="False" />
              </lines>
            </method>
            <method name="AddRange" signature="(System.Collections.Generic.IEnumerable`1&lt;Zoh.Runtime.Diagnostics.Diagnostic&gt;)" line-rate="0" branch-rate="1" complexity="1">
              <lines>
                <line number="25" hits="0" branch="False" />
              </lines>
            </method>
            <method name="ToImmutable" signature="()" line-rate="0" branch-rate="1" complexity="1">
              <lines>
                <line number="27" hits="0" branch="False" />
              </lines>
            </method>
            <method name="GetEnumerator" signature="()" line-rate="0" branch-rate="1" complexity="1">
              <lines>
                <line number="29" hits="0" branch="False" />
              </lines>
            </method>
            <method name="System.Collections.IEnumerable.GetEnumerator" signature="()" line-rate="0" branch-rate="1" complexity="1">
              <lines>
                <line number="30" hits="0" branch="False" />
              </lines>
            </method>
            <method name="get_HasErrors" signature="()" line-rate="0" branch-rate="1" complexity="1">
              <lines>
                <line number="32" hits="0" branch="False" />
              </lines>
            </method>
            <method name=".ctor" signature="()" line-rate="0" branch-rate="1" complexity="1">
              <lines>
                <line number="9" hits="0" branch="False" />
              </lines>
            </method>
          </methods>
          <lines>
            <line number="11" hits="0" branch="False" />
            <line number="14" hits="0" branch="False" />
            <line number="17" hits="0" branch="False" />
            <line number="20" hits="0" branch="False" />
            <line number="23" hits="0" branch="False" />
            <line number="25" hits="0" branch="False" />
            <line number="27" hits="0" branch="False" />
            <line number="29" hits="0" branch="False" />
            <line number="30" hits="0" branch="False" />
            <line number="32" hits="0" branch="False" />
            <line number="9" hits="0" branch="False" />
          </lines>
        </class>
      </classes>
    </package>
  </packages>
</coverage>